CPL_parameter_tuning inputs: 
	solid_density:     	1.0
	liquid_density:    	0.4
	rcutoff:           	1.12246204831
	dr_nbr:            	0.3
	Desired xL:        	150.0
	Desired zL:        	150.0
	Desired MD yL:     	75.0
	HCP wall layers:   	2.0
	Desired CFD yL:    	75.0
	nproc MD (x,y,z):  	4	2	4
	cfdcells/MDproc:   	8	8	8
	overlap cells (y): 	4

---------- TUNING CALCULATIONS RESULTS ---------- 

Results: 
	MD FCC units(x):   	94
	MD FCC units(y):   	47
	MD FCC units(z):   	94
	FCC lattice param: 	1.58740105197
	MD tether dist:    	1.2
	MD local cells(x): 	26
	MD local cells(y): 	26
	MD local cells(z): 	26
	MD ncells(x):      	104
	MD ncells(y):      	52
	MD ncells(z):      	104

	MD  xL:            	149.215698885
	CFD xL:            	149.215698885
	MD  yL:            	74.6078494425
	CFD yL:            	74.6078494425
	MD  zL:            	149.215698885
	CFD zL:            	149.215698885

	CFD ncells(x):     	32
	CFD ncells(y):     	16
	CFD ncells(z):     	32
	MD cell length(x): 	1.43476633543
	MD cell length(y): 	1.43476633543
	MD cell length(z): 	1.43476633543
	CFD cell length(x):	4.66299059016
	CFD cell length(y):	4.66299059016
	CFD cell length(z):	4.66299059016

	cell2bin_ratio (x):	3.25
	cell2bin_ratio (y):	3.25
	cell2bin_ratio (z):	3.25
	bin2cell_ratio (x):	0.307692307692
	bin2cell_ratio (y):	0.307692307692
	bin2cell_ratio (z):	0.307692307692
	MD proc domain(y): 	37.3039247213
	O'lap size (y):    	18.6519623606


	Samples per cfd cell: 	41
	Samples per cfd slice: 	41984


----------- SUGGESTED INPUT PARAMETERS ---------- 

MD.in: 

	SOLID_DENSITY:     	1.0
	LIQUID_DENSITY:     	0.4
	INITIALNUNITS(x):  	94
	INITIALNUNITS(y):  	47
	INITIALNUNITS(z):  	94
	DELTA_RNEIGHBR:    	0.3
	TETHERDISTBOTTOM:  	1.2
	THERMSTATBOTTOM:   	don't forget it!
	PROCESSORS:        	don't forget it!
	VELOCITY_OUTFLAG:  	match timing with CFD save_dt!
	MASS_OUTFLAG:      	match timing with CFD save_dt!
	PRESSURE_OUTFLAG:  	match timing with CFD save_dt!

param.inc: 

	ngx:                	32+1
	ngy:                	16+1
	ngz:                	32+1
	np(xyz):            	must be a factor of nc(xyz)_cfd

input: 

	Re:                 	don't forget it!
	nsteps:             	don't forget it!
	save dt:            	match timing with MD outputs

input.file: 

	Lx:                 	149.215698885
	Ly:                 	74.6078494425
	ngx:                	33
	ngy:                	17

input.setup: 

	nix:                	33
	niy:                	17
	niz:                	33
	xL:                 	149.215698885
	yL:                 	74.6078494425
	zL:                 	149.215698885

COUPLER.in: 

	DENSITY_CFD:        	0.4
	TIMESTEP_RATIO:     	match with MD and CFD dts
	CONSTRAINT_INFO:    	don't forget to set the cells correctly!
	OVERLAP_EXTENTS:    	don't forget to set the cells correctly! 



